[Bootstrap]
SetupTitle=Install
SetupText=Copying Files, please stand by.
CabFile=m3u_Editor.CAB
Spawn=Setup1.exe
Uninstal=st6unst.exe
TmpDir=msftqws.pdw
Cabs=1

[Bootstrap Files]
File1=@VB6STKIT.DLL,$(WinSysPathSysFile),,,7/14/00 11:00:00 PM,101888,6.0.84.50
File2=@COMCAT.DLL,$(WinSysPathSysFile),$(DLLSelfRegister),,5/31/98 12:00:00 AM,22288,4.71.1460.1
File3=@STDOLE2.TLB,$(WinSysPathSysFile),$(TLBRegister),,6/3/99 12:00:00 AM,17920,2.40.4275.1
File4=@ASYCFILT.DLL,$(WinSysPathSysFile),,,3/8/99 12:00:00 AM,147728,2.40.4275.1
File5=@OLEPRO32.DLL,$(WinSysPathSysFile),$(DLLSelfRegister),,3/8/99 12:00:00 AM,164112,5.0.4275.1
File6=@OLEAUT32.DLL,$(WinSysPathSysFile),$(DLLSelfRegister),,4/12/00 12:00:00 AM,598288,2.40.4275.1
File7=@msvbvm60.dll,$(WinSysPathSysFile),$(DLLSelfRegister),,2/9/21 9:28:47 PM,1436032,6.0.98.48

[IconGroups]
Group0=Rimassoft IPTV m3u editor
PrivateGroup0=-1
Parent0=$(Programs)

[Rimassoft IPTV m3u editor]
Icon1="m3u_Editor.exe"
Title1=Rimassoft IPTV m3u editor
StartIn1=$(AppPath)

[Setup]
Title=Rimassoft IPTV m3u editor
DefaultDir=$(ProgramFiles)\Rimassoft IPTV m3u editor
AppExe=m3u_Editor.exe
AppToUninstall=m3u_Editor.exe

[Setup1 Files]
File1=@Slovenien.lng,$(AppPath),,,10/25/21 8:18:49 PM,2963,0.0.0.0
File2=@Settings.ini,$(AppPath),,,11/18/21 7:31:59 PM,62,0.0.0.0
File3=@English.lng,$(AppPath),,,10/26/21 6:30:40 PM,2773,0.0.0.0
File4=@data.mdb,$(AppPath),,,11/18/21 7:31:59 PM,352256,0.0.0.0
File5=@Bosnien.lng,$(AppPath),,,10/25/21 8:18:39 PM,2862,0.0.0.0
File6=@MSINET.OCX,$(WinSysPath),$(DLLSelfRegister),$(Shared),12/19/87 10:00:00 PM,131728,6.1.98.39
File7=@Button.ocx,$(WinSysPath),$(DLLSelfRegister),$(Shared),9/24/16 10:29:24 PM,98304,1.0.0.0
File8=@tdbgpp.dll,$(WinSysPathSysFile),,,4/5/00 12:38:00 AM,250336,1.0.14.7
File9=@Tdbg6.ocx,$(WinSysPath),$(DLLSelfRegister),$(Shared),4/5/00 12:38:00 AM,823784,6.0.0.238
File10=@Comdlg32.ocx,$(WinSysPath),$(DLLSelfRegister),$(Shared),12/19/87 10:00:00 PM,163480,6.1.98.41
File11=@resize.dll,$(WinSysPath),$(DLLSelfRegister),$(Shared),10/5/01 7:04:54 AM,32768,3.0.0.0
File12=@wmp.dll,$(AppPath),,,10/3/21 2:55:53 PM,9501184,12.0.19041.1266
File13=@VB5DB.DLL,$(WinSysPath),,$(Shared),6/18/98 12:00:00 AM,89360,6.0.81.69
File14=@msjtes40.dll,$(WinSysPathSysFile),$(DLLSelfRegister),,12/7/19 10:10:02 AM,290816,4.0.9801.0
File15=@msrepl40.dll,$(WinSysPathSysFile),,,12/7/19 10:10:02 AM,616448,4.0.9801.0
File16=@msrd3x40.dll,$(WinSysPathSysFile),$(DLLSelfRegister),,2/9/21 9:29:58 PM,353792,4.0.9801.27
File17=@msrd2x40.dll,$(WinSysPathSysFile),$(DLLSelfRegister),,12/7/19 10:10:02 AM,313344,4.0.9801.18
File18=@mswdat10.dll,$(WinSysPathSysFile),,,12/7/19 10:10:02 AM,866816,4.0.9801.0
File19=@mswstr10.dll,$(WinSysPathSysFile),,,12/7/19 10:10:02 AM,640512,4.0.9801.1
File20=@expsrv.dll,$(WinSysPathSysFile),,,12/7/19 10:09:29 AM,380957,6.0.72.9589
File21=@vbajet32.dll,$(WinSysPathSysFile),,,12/7/19 10:09:29 AM,30749,6.0.1.9431
File22=@msjint40.dll,$(WinSysPathSysFile),,,12/7/19 10:10:02 AM,8704,4.0.9801.1
File23=@msjter40.dll,$(WinSysPathSysFile),,,12/7/19 10:10:02 AM,83968,4.0.9801.0
File24=@msjet40.dll,$(WinSysPathSysFile),$(DLLSelfRegister),,10/13/21 10:54:34 AM,1317376,4.0.9801.32
File25=@dao360.dll,$(MSDAOPath),$(DLLSelfRegister),$(Shared),12/7/19 10:10:02 AM,610304,3.60.9765.0
File26=@m3u_Editor.exe,$(AppPath),,,11/18/21 7:33:49 PM,1732695,1.0.0.347

; The following lines may be deleted in order to obtain extra 
; space for customizing this file on a full installation diskette.
; 
; XXXXXXXXXXXXXXXXXXXXXXXXXXXXXXXXXXXXXXXXXXXXXXXXXXXXXXXXXXXX
; XXXXXXXXXXXXXXXXXXXXXXXXXXXXXXXXXXXXXXXXXXXXXXXXXXXXXXXXXXXX
; XXXXXXXXXXXXXXXXXXXXXXXXXXXXXXXXXXXXXXXXXXXXXXXXXXXXXXXXXXXX
; XXXXXXXXXXXXXXXXXXXXXXXXXXXXXXXXXXXXXXXXXXXXXXXXXXXXXXXXXXXX
; XXXXXXXXXXXXXXXXXXXXXXXXXXXXXXXXXXXXXXXXXXXXXXXXXXXXXXXXXXXX
; XXXXXXXXXXXXXXXXXXXXXXXXXXXXXXXXXXXXXXXXXXXXXXXXXXXXXXXXXXXX
; XXXXXXXXXXXXXXXXXXXXXXXXXXXXXXXXXXXXXXXXXXXXXXXXXXXXXXXXXXXX
; XXXXXXXXXXXXXXXXXXXXXXXXXXXXXXXXXXXXXXXXXXXXXXXXXXXXXXXXXXXX
; XXXXXXXXXXXXXXXXXXXXXXXXXXXXXXXXXXXXXXXXXXXXXXXXXXXXXXXXXXXX
; XXXXXXXXXXXXXXXXXXXXXXXXXXXXXXXXXXXXXXXXXXXXXXXXXXXXXXXXXXXX
; XXXXXXXXXXXXXXXXXXXXXXXXXXXXXXXXXXXXXXXXXXXXXXXXXXXXXXXXXXXX
; XXXXXXXXXXXXXXXXXXXXXXXXXXXXXXXXXXXXXXXXXXXXXXXXXXXXXXXXXXXX
; XXXXXXXXXXXXXXXXXXXXXXXXXXXXXXXXXXXXXXXXXXXXXXXXXXXXXXXXXXXX
; XXXXXXXXXXXXXXXXXXXXXXXXXXXXXXXXXXXXXXXXXXXXXXXXXXXXXXXXXXXX
; XXXXXXXXXXXXXXXXXXXXXXXXXXXXXXXXXXXXXXXXXXXXXXXXXXXXXXXXXXXX
; XXXXXXXXXXXXXXXXXXXXXXXXXXXXXXXXXXXXXXXXXXXXXXXXXXXXXXXXXXXX
; XXXXXXXXXXXXXXXXXXXXXXXXXXXXXXXXXXXXXXXXXXXXXXXXXXXXXXXXXXXX
; XXXXXXXXXXXXXXXXXXXXXXXXXXXXXXXXXXXXXXXXXXXXXXXXXXXXXXXXXXXX
; XXXXXXXXXXXXXXXXXXXXXXXXXXXXXXXXXXXXXXXXXXXXXXXXXXXXXXXXXXXX
; XXXXXXXXXXXXXXXXXXXXXXXXXXXXXXXXXXXXXXXXXXXXXXXXXXXXXXXXXXXX
; XXXXXXXXXXXXXXXXXXXXXXXXXXXXXXXXXXXXXXXXXXXXXXXXXXXXXXXXXXXX
; XXXXXXXXXXXXXXXXXXXXXXXXXXXXXXXXXXXXXXXXXXXXXXXXXXXXXXXXXXXX
; XXXXXXXXXXXXXXXXXXXXXXXXXXXXXXXXXXXXXXXXXXXXXXXXXXXXXXXXXXXX
; XXXXXXXXXXXXXXXXXXXXXXXXXXXXXXXXXXXXXXXXXXXXXXXXXXXXXXXXXXXX
; XXXXXXXXXXXXXXXXXXXXXXXXXXXXXXXXXXXXXXXXXXXXXXXXXXXXXXXXXXXX
; XXXXXXXXXXXXXXXXXXXXXXXXXXXXXXXXXXXXXXXXXXXXXXXXXXXXXXXXXXXX
; XXXXXXXXXXXXXXXXXXXXXXXXXXXXXXXXXXXXXXXXXXXXXXXXXXXXXXXXXXXX
; XXXXXXXXXXXXXXXXXXXXXXXXXXXXXXXXXXXXXXXXXXXXXXXXXXXXXXXXXXXX
; XXXXXXXXXXXXXXXXXXXXXXXXXXXXXXXXXXXXXXXXXXXXXXXXXXXXXXXXXXXX
; XXXXXXXXXXXXXXXXXXXXXXXXXXXXXXXXXXXXXXXXXXXXXXXXXXXXXXXXXXXX
; XXXXXXXXXXXXXXXXXXXXXXXXXXXXXXXXXXXXXXXXXXXXXXXXXXXXXXXXXXXX
; XXXXXXXXXXXXXXXXXXXXXXXXXXXXXXXXXXXXXXXXXXXXXXXXXXXXXXXXXXXX
; XXXXXXXXXXXXXXXXXXXXXXXXXXXXXXXXXXXXXXXXXXXXXXXXXXXXXXXXXXXX
; XXXXXXXXXXXXXXXXXXXXXXXXXXXXXXXXXXXXXXXXXXXXXXXXXXXXXXXXXXXX
; XXXXXXXXXXXXXXXXXXXXXXXXXXXXXXXXXXXXXXXXXXXXXXXXXXXXXXXXXXXX
